Sumfit = 634.96, Percentfit = 0.338645
Sumfit = 623.8, Percentfit = 0.332693
Sumfit = 601.48, Percentfit = 0.320789
Sumfit = 601.12, Percentfit = 0.320597
Sumfit = 600, Percentfit = 0.32
Sumfit = 600, Percentfit = 0.32
Sumfit = 600, Percentfit = 0.32
Sumfit = 600, Percentfit = 0.32
Sumfit = 600, Percentfit = 0.32
Sumfit = 600, Percentfit = 0.32
Sumfit = 65.2, Percentfit = 0.289778, DiffRate = 1.99693
Sumfit = 64.36, Percentfit = 0.286044, DiffRate = 1
Sumfit = 67, Percentfit = 0.297778, DiffRate = 1.01493
Sumfit = 63.72, Percentfit = 0.2832, DiffRate = 1.04478
Sumfit = 75.92, Percentfit = 0.337422, DiffRate = 1.10537
Sumfit = 80.56, Percentfit = 0.358044, DiffRate = 1.04965
Sumfit = 75.64, Percentfit = 0.336178, DiffRate = 1.04965
Sumfit = 78.2, Percentfit = 0.347556, DiffRate = 1.02483
Sumfit = 77.2, Percentfit = 0.343111, DiffRate = 1.03724
Sumfit = 87.84, Percentfit = 0.3904, DiffRate = 1.07969
Sumfit = 76.12, Percentfit = 0.338311, DiffRate = 1.12523
Sumfit = 84.56, Percentfit = 0.375822, DiffRate = 1.03415
Sumfit = 85.44, Percentfit = 0.379733, DiffRate = 1.02277
Sumfit = 90.24, Percentfit = 0.401067, DiffRate = 1.02216
Sumfit = 90.4, Percentfit = 0.401778, DiffRate = 1
Sumfit = 99.12, Percentfit = 0.440533, DiffRate = 1.08071
Sumfit = 94.84, Percentfit = 0.421511, DiffRate = 1.04036
Sumfit = 104.24, Percentfit = 0.463289, DiffRate = 1.04797
Sumfit = 121.44, Percentfit = 0.539733, DiffRate = 1.13999
Sumfit = 128.32, Percentfit = 0.570311, DiffRate = 1.04676
Sumfit = 124.16, Percentfit = 0.551822, DiffRate = 1.03117
Sumfit = 125.72, Percentfit = 0.558756, DiffRate = 1.01559
Sumfit = 120.88, Percentfit = 0.537244, DiffRate = 1.05455
Sumfit = 126.92, Percentfit = 0.564089, DiffRate = 1.00779
Sumfit = 123.92, Percentfit = 0.550756, DiffRate = 1.03117
Sumfit = 124.4, Percentfit = 0.552889, DiffRate = 1.02338
Sumfit = 120.76, Percentfit = 0.536711, DiffRate = 1.05455
Sumfit = 126.16, Percentfit = 0.560711, DiffRate = 1.01559
Sumfit = 123.12, Percentfit = 0.5472, DiffRate = 1.03897
Sumfit = 120.44, Percentfit = 0.535289, DiffRate = 1.05455
Sumfit = 121.28, Percentfit = 0.539022, DiffRate = 1.05455
Sumfit = 123.36, Percentfit = 0.548267, DiffRate = 1.03117
Sumfit = 128.76, Percentfit = 0.572267, DiffRate = 1
Sumfit = 128.92, Percentfit = 0.572978, DiffRate = 1
Sumfit = 126.16, Percentfit = 0.560711, DiffRate = 1.01551
Sumfit = 133.16, Percentfit = 0.591822, DiffRate = 1.03004
Sumfit = 124.64, Percentfit = 0.553956, DiffRate = 1.06008
Sumfit = 128.72, Percentfit = 0.572089, DiffRate = 1.03004
Sumfit = 132.92, Percentfit = 0.590756, DiffRate = 1
Sumfit = 123.04, Percentfit = 0.546844, DiffRate = 1.0751
Sumfit = 127.72, Percentfit = 0.567644, DiffRate = 1.03755
Sumfit = 123.32, Percentfit = 0.548089, DiffRate = 1.06759
Sumfit = 128.44, Percentfit = 0.570844, DiffRate = 1.03004
Sumfit = 131.04, Percentfit = 0.5824, DiffRate = 1.01502
Sumfit = 136.96, Percentfit = 0.608711, DiffRate = 1.0219
Sumfit = 122.8, Percentfit = 0.545778, DiffRate = 1.10222
Sumfit = 122.88, Percentfit = 0.546133, DiffRate = 1.10222
Sumfit = 120.36, Percentfit = 0.534933, DiffRate = 1.11682
Sumfit = 125.84, Percentfit = 0.559289, DiffRate = 1.08032
Sumfit = 125.12, Percentfit = 0.556089, DiffRate = 1.08032
Sumfit = 123.8, Percentfit = 0.550222, DiffRate = 1.09492
Sumfit = 137.44, Percentfit = 0.610844, DiffRate = 1
Sumfit = 126.72, Percentfit = 0.5632, DiffRate = 1.07276
Sumfit = 128.56, Percentfit = 0.571378, DiffRate = 1.05821
Sumfit = 121.48, Percentfit = 0.539911, DiffRate = 1.10914
Sumfit = 129.92, Percentfit = 0.577422, DiffRate = 1.05093
Sumfit = 127.76, Percentfit = 0.567822, DiffRate = 1.06548
Sumfit = 125, Percentfit = 0.555556, DiffRate = 1.08731
Sumfit = 127.4, Percentfit = 0.566222, DiffRate = 1.07276
Sumfit = 127.56, Percentfit = 0.566933, DiffRate = 1.06548
Sumfit = 128.36, Percentfit = 0.570489, DiffRate = 1.06548
Sumfit = 128.8, Percentfit = 0.572444, DiffRate = 1.05821
Sumfit = 126.36, Percentfit = 0.5616, DiffRate = 1.08003
Sumfit = 133.04, Percentfit = 0.591289, DiffRate = 1.0291
Sumfit = 130.44, Percentfit = 0.579733, DiffRate = 1.05093
Sumfit = 129.96, Percentfit = 0.5776, DiffRate = 1.05093
Sumfit = 124.76, Percentfit = 0.554489, DiffRate = 1.08731
Sumfit = 137.12, Percentfit = 0.609422, DiffRate = 1
Sumfit = 130.4, Percentfit = 0.579556, DiffRate = 1.05093
Sumfit = 131.32, Percentfit = 0.583645, DiffRate = 1.04366
Sumfit = 130.32, Percentfit = 0.5792, DiffRate = 1.05093
Sumfit = 138.16, Percentfit = 0.614044, DiffRate = 1
Sumfit = 126.32, Percentfit = 0.561422, DiffRate = 1.07962
Sumfit = 136.8, Percentfit = 0.608, DiffRate = 1.00724
Sumfit = 141.92, Percentfit = 0.630756, DiffRate = 1.02114
Sumfit = 152.32, Percentfit = 0.676978, DiffRate = 1.06565
Sumfit = 140.76, Percentfit = 0.6256, DiffRate = 1.07222
Sumfit = 146.96, Percentfit = 0.653156, DiffRate = 1.03283
Sumfit = 142.56, Percentfit = 0.6336, DiffRate = 1.05909
Sumfit = 145.8, Percentfit = 0.648, DiffRate = 1.03939
Sumfit = 140.56, Percentfit = 0.624711, DiffRate = 1.07222
Sumfit = 146.08, Percentfit = 0.649244, DiffRate = 1.03939
Sumfit = 143.84, Percentfit = 0.639289, DiffRate = 1.05252
Sumfit = 145.08, Percentfit = 0.6448, DiffRate = 1.04596
Sumfit = 148.96, Percentfit = 0.662044, DiffRate = 1.0197
Sumfit = 142.4, Percentfit = 0.632889, DiffRate = 1.05909
Sumfit = 142.88, Percentfit = 0.635022, DiffRate = 1.05909
Sumfit = 146.96, Percentfit = 0.653156, DiffRate = 1.03283
Sumfit = 148.04, Percentfit = 0.657956, DiffRate = 1.02626
Sumfit = 148.68, Percentfit = 0.6608, DiffRate = 1.0197
Sumfit = 144.48, Percentfit = 0.642133, DiffRate = 1.04596
Sumfit = 138.2, Percentfit = 0.614222, DiffRate = 1.09191
Sumfit = 141.44, Percentfit = 0.628622, DiffRate = 1.06565
Sumfit = 134.56, Percentfit = 0.598044, DiffRate = 1.11161
Sumfit = 151.52, Percentfit = 0.673422, DiffRate = 1
Sumfit = 144.28, Percentfit = 0.641244, DiffRate = 1.05252
Sumfit = 146.36, Percentfit = 0.650489, DiffRate = 1.03283
Sumfit = 151.2, Percentfit = 0.672, DiffRate = 1.00657
Sumfit = 146.6, Percentfit = 0.651556, DiffRate = 1.03283
Sumfit = 159.24, Percentfit = 0.707733, DiffRate = 1.03768
Sumfit = 135.52, Percentfit = 0.602311, DiffRate = 1.14444
Sumfit = 145.84, Percentfit = 0.648178, DiffRate = 1.08164
Sumfit = 133.96, Percentfit = 0.595378, DiffRate = 1.157
Sumfit = 147.28, Percentfit = 0.654578, DiffRate = 1.06908
Sumfit = 150.72, Percentfit = 0.669867, DiffRate = 1.05024
Sumfit = 137.36, Percentfit = 0.610489, DiffRate = 1.13188
Sumfit = 143.68, Percentfit = 0.638578, DiffRate = 1.0942
Sumfit = 137.84, Percentfit = 0.612622, DiffRate = 1.13188
Sumfit = 139.8, Percentfit = 0.621333, DiffRate = 1.11932
Sumfit = 153.96, Percentfit = 0.684267, DiffRate = 1.0314
Sumfit = 138.72, Percentfit = 0.616533, DiffRate = 1.1256
Sumfit = 152.64, Percentfit = 0.6784, DiffRate = 1.03768
Sumfit = 146.84, Percentfit = 0.652622, DiffRate = 1.07536
Sumfit = 145.92, Percentfit = 0.648533, DiffRate = 1.08164
Sumfit = 159.6, Percentfit = 0.709333, DiffRate = 1
Sumfit = 140.92, Percentfit = 0.626311, DiffRate = 1.11278
Sumfit = 134.44, Percentfit = 0.597511, DiffRate = 1.15664
Sumfit = 145.92, Percentfit = 0.648533, DiffRate = 1.08145
Sumfit = 156.36, Percentfit = 0.694933, DiffRate = 1.0188
Sumfit = 139.64, Percentfit = 0.620622, DiffRate = 1.11905
Sumfit = 160.16, Percentfit = 0.711822, DiffRate = 1
Sumfit = 151.32, Percentfit = 0.672533, DiffRate = 1.04995
Sumfit = 142.64, Percentfit = 0.633956, DiffRate = 1.10614
Sumfit = 150.96, Percentfit = 0.670933, DiffRate = 1.05619
Sumfit = 162.68, Percentfit = 0.723022, DiffRate = 1.01229
Sumfit = 137, Percentfit = 0.608889, DiffRate = 1.15368
Sumfit = 147.72, Percentfit = 0.656533, DiffRate = 1.08606
Sumfit = 133.24, Percentfit = 0.592178, DiffRate = 1.17826
Sumfit = 139.08, Percentfit = 0.618133, DiffRate = 1.14138
Sumfit = 136.68, Percentfit = 0.607467, DiffRate = 1.15982
Sumfit = 138.28, Percentfit = 0.614578, DiffRate = 1.14753
Sumfit = 134.24, Percentfit = 0.596622, DiffRate = 1.17212
Sumfit = 144.84, Percentfit = 0.643733, DiffRate = 1.1045
Sumfit = 150.6, Percentfit = 0.669333, DiffRate = 1.07376
Sumfit = 148.72, Percentfit = 0.660978, DiffRate = 1.07991
Sumfit = 144.8, Percentfit = 0.643556, DiffRate = 1.1045
Sumfit = 138.72, Percentfit = 0.616533, DiffRate = 1.14138
Sumfit = 140.76, Percentfit = 0.6256, DiffRate = 1.12909
Sumfit = 141.36, Percentfit = 0.628267, DiffRate = 1.12909
Sumfit = 150.2, Percentfit = 0.667556, DiffRate = 1.07376
Sumfit = 139.56, Percentfit = 0.620267, DiffRate = 1.14138
Sumfit = 135.84, Percentfit = 0.603733, DiffRate = 1.15982
Sumfit = 137.68, Percentfit = 0.611911, DiffRate = 1.15368
Sumfit = 146.68, Percentfit = 0.651911, DiffRate = 1.09835
Sumfit = 148.2, Percentfit = 0.658667, DiffRate = 1.08606
Sumfit = 149.68, Percentfit = 0.665244, DiffRate = 1.07991
Sumfit = 155, Percentfit = 0.688889, DiffRate = 1.04303
Sumfit = 152.44, Percentfit = 0.677511, DiffRate = 1.06147
Sumfit = 154.04, Percentfit = 0.684622, DiffRate = 1.04918
Sumfit = 148.8, Percentfit = 0.661333, DiffRate = 1.07991
Sumfit = 148, Percentfit = 0.657778, DiffRate = 1.08606
Sumfit = 143.36, Percentfit = 0.637156, DiffRate = 1.11679
Sumfit = 142.16, Percentfit = 0.631822, DiffRate = 1.12294
Sumfit = 147.16, Percentfit = 0.654044, DiffRate = 1.09221
Sumfit = 152.56, Percentfit = 0.678044, DiffRate = 1.06147
Sumfit = 145.92, Percentfit = 0.648533, DiffRate = 1.09835
Sumfit = 149.72, Percentfit = 0.665422, DiffRate = 1.07376
Sumfit = 153.76, Percentfit = 0.683378, DiffRate = 1.04918
Sumfit = 166.04, Percentfit = 0.737956, DiffRate = 1.01807
Sumfit = 145.12, Percentfit = 0.644978, DiffRate = 1.12045
Sumfit = 146.56, Percentfit = 0.651378, DiffRate = 1.11443
Sumfit = 153.48, Percentfit = 0.682133, DiffRate = 1.07227
Sumfit = 139.48, Percentfit = 0.619911, DiffRate = 1.15659
Sumfit = 136.48, Percentfit = 0.606578, DiffRate = 1.17466
Sumfit = 134, Percentfit = 0.595556, DiffRate = 1.19272
Sumfit = 145.92, Percentfit = 0.648533, DiffRate = 1.12045
Sumfit = 136.32, Percentfit = 0.605867, DiffRate = 1.17466
Sumfit = 143.6, Percentfit = 0.638222, DiffRate = 1.1325
Sumfit = 149, Percentfit = 0.662222, DiffRate = 1.10238
Sumfit = 149.28, Percentfit = 0.663467, DiffRate = 1.09636
